[2020-12-15T11:36:35.675] [INFO] access - ::1 - - "GET / HTTP/1.1" 401 53 "" "Mozilla/5.0 (Windows NT 10.0; Win64; x64) AppleWebKit/537.36 (KHTML, like Gecko) Chrome/87.0.4280.88 Safari/537.36"
[2020-12-15T11:36:36.098] [INFO] access - ::1 - - "GET /favicon.ico HTTP/1.1" 401 53 "http://localhost:3000/" "Mozilla/5.0 (Windows NT 10.0; Win64; x64) AppleWebKit/537.36 (KHTML, like Gecko) Chrome/87.0.4280.88 Safari/537.36"
[2020-12-15T11:38:08.549] [INFO] access - ::1 - - "GET / HTTP/1.1" 401 53 "" "Mozilla/5.0 (Windows NT 10.0; Win64; x64) AppleWebKit/537.36 (KHTML, like Gecko) Chrome/87.0.4280.88 Safari/537.36"
[2020-12-15T11:38:08.722] [INFO] access - ::1 - - "GET /favicon.ico HTTP/1.1" 401 53 "http://localhost:3000/" "Mozilla/5.0 (Windows NT 10.0; Win64; x64) AppleWebKit/537.36 (KHTML, like Gecko) Chrome/87.0.4280.88 Safari/537.36"
[2020-12-15T11:39:33.118] [INFO] access - ::1 - - "GET / HTTP/1.1" 401 53 "" "Mozilla/5.0 (Windows NT 10.0; Win64; x64) AppleWebKit/537.36 (KHTML, like Gecko) Chrome/87.0.4280.88 Safari/537.36"
[2020-12-15T11:39:33.358] [INFO] access - ::1 - - "GET /favicon.ico HTTP/1.1" 401 53 "http://localhost:3000/" "Mozilla/5.0 (Windows NT 10.0; Win64; x64) AppleWebKit/537.36 (KHTML, like Gecko) Chrome/87.0.4280.88 Safari/537.36"
[2020-12-15T11:40:42.928] [INFO] access - ::1 - - "GET / HTTP/1.1" 401 53 "" "Mozilla/5.0 (Windows NT 10.0; Win64; x64) AppleWebKit/537.36 (KHTML, like Gecko) Chrome/87.0.4280.88 Safari/537.36"
[2020-12-15T11:40:43.159] [INFO] access - ::1 - - "GET /favicon.ico HTTP/1.1" 401 53 "http://localhost:3000/" "Mozilla/5.0 (Windows NT 10.0; Win64; x64) AppleWebKit/537.36 (KHTML, like Gecko) Chrome/87.0.4280.88 Safari/537.36"
[2020-12-15T15:24:29.882] [INFO] access - ::1 - - "GET /api/role/add HTTP/1.1" 404 - "" "PostmanRuntime/7.26.8"
[2020-12-15T15:24:35.222] [INFO] access - ::1 - - "POST /api/role/add HTTP/1.1" 200 12 "" "PostmanRuntime/7.26.8"
[2020-12-15T15:24:40.381] [INFO] access - ::1 - - "POST /api/role/add HTTP/1.1" 401 53 "" "PostmanRuntime/7.26.8"
[2020-12-15T15:25:46.996] [INFO] access - ::1 - - "POST /api/role/add HTTP/1.1" 200 12 "" "PostmanRuntime/7.26.8"
[2020-12-15T15:29:11.480] [INFO] access - ::1 - - "POST /api/role/add HTTP/1.1" 200 12 "" "PostmanRuntime/7.26.8"
[2020-12-15T15:29:27.408] [INFO] access - ::1 - - "POST /api/role/add HTTP/1.1" 200 12 "" "PostmanRuntime/7.26.8"
[2020-12-15T15:34:12.978] [INFO] access - ::1 - - "POST /api/permission/add HTTP/1.1" 200 12 "" "PostmanRuntime/7.26.8"
[2020-12-15T15:39:05.218] [INFO] access - ::1 - - "POST /api/permission/add HTTP/1.1" 200 12 "" "PostmanRuntime/7.26.8"
[2020-12-15T15:40:21.275] [INFO] access - ::1 - - "POST /api/permission/add HTTP/1.1" 200 171 "" "PostmanRuntime/7.26.8"
[2020-12-15T15:45:01.772] [INFO] access - ::1 - - "DELETE /api/permission/delete?id=af4477a8-1359-4484-a72e-f0b77ca25162 HTTP/1.1" 200 12 "" "PostmanRuntime/7.26.8"
[2020-12-15T15:45:13.568] [INFO] access - ::1 - - "DELETE /api/permission/delete?id=af4477a8-1359-4484-a72e-f0b77ca25162 HTTP/1.1" 200 12 "" "PostmanRuntime/7.26.8"
[2020-12-15T15:45:54.079] [INFO] access - ::1 - - "DELETE /api/permission/delete?id=af4477a8-1359-4484-a72e-f0b77ca25162 HTTP/1.1" 200 12 "" "PostmanRuntime/7.26.8"
[2020-12-15T15:46:52.666] [INFO] access - ::1 - - "DELETE /api/permission/delete/af4477a8-1359-4484-a72e-f0b77ca25162 HTTP/1.1" 200 12 "" "PostmanRuntime/7.26.8"
[2020-12-15T15:51:17.692] [INFO] access - ::1 - - "DELETE /api/permission/delete/af4477a8-1359-4484-a72e-f0b77ca25162 HTTP/1.1" 401 53 "" "PostmanRuntime/7.26.8"
[2020-12-15T15:51:24.648] [INFO] access - ::1 - - "POST /api/login HTTP/1.1" 200 220 "" "PostmanRuntime/7.26.8"
[2020-12-15T15:51:32.104] [INFO] access - ::1 - - "DELETE /api/permission/delete/af4477a8-1359-4484-a72e-f0b77ca25162 HTTP/1.1" 401 53 "" "PostmanRuntime/7.26.8"
[2020-12-15T15:52:18.389] [INFO] access - ::1 - - "POST /api/permission/add HTTP/1.1" 401 53 "" "PostmanRuntime/7.26.8"
[2020-12-15T15:52:42.368] [INFO] access - ::1 - - "POST /api/login HTTP/1.1" 200 220 "" "PostmanRuntime/7.26.8"
[2020-12-15T15:52:52.299] [INFO] access - ::1 - - "DELETE /api/permission/delete/af4477a8-1359-4484-a72e-f0b77ca25162 HTTP/1.1" 401 53 "" "PostmanRuntime/7.26.8"
[2020-12-15T15:53:03.250] [INFO] access - ::1 - - "DELETE /api/permission/delete/af4477a8-1359-4484-a72e-f0b77ca25162 HTTP/1.1" 401 53 "" "PostmanRuntime/7.26.8"
[2020-12-15T15:53:42.622] [INFO] access - ::1 - - "DELETE /api/permission/delete/af4477a8-1359-4484-a72e-f0b77ca25162 HTTP/1.1" 401 53 "" "PostmanRuntime/7.26.8"
[2020-12-15T15:54:24.863] [INFO] access - ::1 - - "POST /api/login HTTP/1.1" 200 242 "" "PostmanRuntime/7.26.8"
[2020-12-15T15:54:32.062] [INFO] access - ::1 - - "DELETE /api/permission/delete/af4477a8-1359-4484-a72e-f0b77ca25162 HTTP/1.1" 401 53 "" "PostmanRuntime/7.26.8"
[2020-12-15T15:55:25.507] [INFO] access - ::1 - - "DELETE /api/permission/delete/af4477a8-1359-4484-a72e-f0b77ca25162 HTTP/1.1" 401 53 "" "PostmanRuntime/7.26.8"
[2020-12-15T15:55:45.664] [INFO] access - ::1 - - "DELETE /api/permission/delete/af4477a8-1359-4484-a72e-f0b77ca25162 HTTP/1.1" 200 1 "" "PostmanRuntime/7.26.8"
[2020-12-15T15:58:07.017] [INFO] access - ::1 - - "DELETE /api/permission/delete/af4477a8-1359-4484-a72e-f0b77ca25162 HTTP/1.1" 200 38 "" "PostmanRuntime/7.26.8"
[2020-12-15T15:58:27.457] [INFO] access - ::1 - - "DELETE /api/permission/delete/af4477a8-1359-4484-a72e-f0b77ca25162 HTTP/1.1" 200 38 "" "PostmanRuntime/7.26.8"
[2020-12-15T16:00:51.206] [INFO] access - ::1 - - "DELETE /api/permission/delete/af4477a8-1359-4484-a72e-f0b77ca25162 HTTP/1.1" 401 - "" "PostmanRuntime/7.26.8"
[2020-12-15T16:01:20.483] [INFO] access - ::1 - - "DELETE /api/permission/delete/af4477a8-1359-4484-a72e-f0b77ca25162 HTTP/1.1" 404 - "" "PostmanRuntime/7.26.8"
[2020-12-15T16:01:57.342] [INFO] access - ::1 - - "DELETE /api/permission/delete/af4477a8-1359-4484-a72e-f0b77ca25162 HTTP/1.1" 404 - "" "PostmanRuntime/7.26.8"
[2020-12-15T16:03:04.556] [INFO] access - ::1 - - "DELETE /api/permission/delete/af4477a8-1359-4484-a72e-f0b77ca25162 HTTP/1.1" 200 93 "" "PostmanRuntime/7.26.8"
[2020-12-15T16:04:32.280] [INFO] access - ::1 - - "DELETE /api/permission/delete/af4477a8-1359-4484-a72e-f0b77ca25162 HTTP/1.1" 200 93 "" "PostmanRuntime/7.26.8"
[2020-12-15T16:04:33.617] [INFO] access - ::1 - - "DELETE /api/permission/delete/af4477a8-1359-4484-a72e-f0b77ca25162 HTTP/1.1" 200 93 "" "PostmanRuntime/7.26.8"
[2020-12-15T16:04:34.534] [INFO] access - ::1 - - "DELETE /api/permission/delete/af4477a8-1359-4484-a72e-f0b77ca25162 HTTP/1.1" 200 93 "" "PostmanRuntime/7.26.8"
[2020-12-15T16:05:00.489] [INFO] access - ::1 - - "DELETE /api/permission/delete/af4477a8-1359-4484-a72e-f0b77ca25162 HTTP/1.1" 200 93 "" "PostmanRuntime/7.26.8"
[2020-12-15T16:05:08.180] [INFO] access - ::1 - - "DELETE /api/permission/delete/af4477a8-1359-4484-a72e-f0b77ca25162 HTTP/1.1" 200 93 "" "PostmanRuntime/7.26.8"
[2020-12-15T16:05:27.800] [INFO] access - ::1 - - "DELETE /api/permission/delete/af4477a8-1359-4484-a72e-f0b77ca25162 HTTP/1.1" 200 - "" "PostmanRuntime/7.26.8"
[2020-12-15T16:07:36.225] [INFO] access - ::1 - - "POST /api/permission/add HTTP/1.1" 200 44 "" "PostmanRuntime/7.26.8"
[2020-12-15T16:07:56.127] [INFO] access - ::1 - - "POST /api/permission/add HTTP/1.1" 200 171 "" "PostmanRuntime/7.26.8"
[2020-12-15T16:08:58.161] [INFO] access - ::1 - - "PUT /api/permission/update HTTP/1.1" 200 12 "" "PostmanRuntime/7.26.8"
[2020-12-15T16:13:21.369] [INFO] access - ::1 - - "PUT /api/permission/update HTTP/1.1" 200 3 "" "PostmanRuntime/7.26.8"
[2020-12-15T16:13:39.853] [INFO] access - ::1 - - "PUT /api/permission/update HTTP/1.1" 200 3 "" "PostmanRuntime/7.26.8"
[2020-12-15T16:14:52.220] [INFO] access - ::1 - - "POST /api/permission/add HTTP/1.1" 200 173 "" "PostmanRuntime/7.26.8"
[2020-12-15T16:15:36.062] [INFO] access - ::1 - - "POST /api/permission/add HTTP/1.1" 200 176 "" "PostmanRuntime/7.26.8"
[2020-12-15T16:16:09.080] [INFO] access - ::1 - - "DELETE /api/permission/delete/af4477a8-1359-4484-a72e-f0b77ca25162 HTTP/1.1" 200 7 "" "PostmanRuntime/7.26.8"
[2020-12-15T16:16:51.303] [INFO] access - ::1 - - "DELETE /api/permission/delete/af4477a8-1359-4484-a72e-f0b77ca25162 HTTP/1.1" 200 7 "" "PostmanRuntime/7.26.8"
[2020-12-15T16:17:21.657] [INFO] access - ::1 - - "DELETE /api/permission/delete?id=af4477a8-1359-4484-a72e-f0b77ca25162 HTTP/1.1" 200 7 "" "PostmanRuntime/7.26.8"
[2020-12-15T16:17:49.116] [INFO] access - ::1 - - "DELETE /api/permission/delete/af4477a8-1359-4484-a72e-f0b77ca25162 HTTP/1.1" 200 - "" "PostmanRuntime/7.26.8"
[2020-12-15T16:18:53.526] [INFO] access - ::1 - - "DELETE /api/permission/delete/af4477a8-1359-4484-a72e-f0b77ca25162 HTTP/1.1" 200 - "" "PostmanRuntime/7.26.8"
[2020-12-15T16:25:20.861] [INFO] access - ::1 - - "GET /api/permission/detail/e67fd388-3e94-4fc8-9573-a27efebe1d6e HTTP/1.1" 200 171 "" "PostmanRuntime/7.26.8"
[2020-12-15T16:28:28.417] [INFO] access - ::1 - - "POST /api/permission/add HTTP/1.1" 200 173 "" "PostmanRuntime/7.26.8"
[2020-12-15T16:31:40.758] [INFO] access - ::1 - - "GET /api/permission/list?type=get&page=1&size=10&search=%E5%93%88%E5%93%88%E5%93%88%E5%93%88 HTTP/1.1" 200 12 "" "PostmanRuntime/7.26.8"
[2020-12-15T16:32:43.030] [INFO] access - ::1 - - "GET /api/permission/list?type=get&page=1&size=10&search=%E5%93%88%E5%93%88%E5%93%88%E5%93%88&order=asc&sort=name HTTP/1.1" 200 12 "" "PostmanRuntime/7.26.8"
[2020-12-15T16:34:07.734] [INFO] access - ::1 - - "GET /api/permission/list?type=get&page=1&size=10&search=%E5%93%88%E5%93%88%E5%93%88%E5%93%88&order=asc&sort=name&start=2020-12-15&end=2020-12-20 HTTP/1.1" 200 12 "" "PostmanRuntime/7.26.8"
[2020-12-15T16:40:37.916] [INFO] access - ::1 - - "GET /api/permission/list?type=get&page=1&size=10&search=%E5%93%88%E5%93%88%E5%93%88%E5%93%88&order=asc&sort=name&basename=%E6%9D%83%E9%99%90%E7%AE%A1%E7%90%86&start=2020-12-15&end=2020-12-20 HTTP/1.1" 200 12 "" "PostmanRuntime/7.26.8"
[2020-12-15T16:46:08.353] [INFO] access - ::1 - - "GET /api/permission/list?type=get HTTP/1.1" 200 12 "" "PostmanRuntime/7.26.8"
[2020-12-15T16:46:17.191] [INFO] access - ::1 - - "GET /api/permission/list?type=get HTTP/1.1" 200 12 "" "PostmanRuntime/7.26.8"
[2020-12-15T16:46:37.538] [INFO] access - ::1 - - "GET /api/permission/list?type=get HTTP/1.1" 200 12 "" "PostmanRuntime/7.26.8"
[2020-12-15T16:47:23.945] [INFO] access - ::1 - - "GET /api/permission/list?type=get HTTP/1.1" 200 12 "" "PostmanRuntime/7.26.8"
[2020-12-15T16:48:07.597] [INFO] access - ::1 - - "GET /api/permission/list?type=get HTTP/1.1" 200 12 "" "PostmanRuntime/7.26.8"
[2020-12-15T16:48:18.674] [INFO] access - ::1 - - "GET /api/permission/list?type=get HTTP/1.1" 200 12 "" "PostmanRuntime/7.26.8"
[2020-12-15T16:48:53.270] [INFO] access - ::1 - - "GET /api/permission/list?type=get HTTP/1.1" 200 347 "" "PostmanRuntime/7.26.8"
[2020-12-15T16:49:18.806] [INFO] access - ::1 - - "GET /api/permission/list?type=get HTTP/1.1" 200 93 "" "PostmanRuntime/7.26.8"
[2020-12-15T16:50:02.581] [INFO] access - ::1 - - "GET /api/permission/list?type=get&basename=&start=2020-12-15&end=2020-12-20 HTTP/1.1" 200 2 "" "PostmanRuntime/7.26.8"
[2020-12-15T16:50:22.440] [INFO] access - ::1 - - "GET /api/permission/list?type=get&basename=&start=2020-12-15&end=2020-12-20 HTTP/1.1" 200 2 "" "PostmanRuntime/7.26.8"
[2020-12-15T16:55:06.911] [INFO] access - ::1 - - "GET /api/permission/list?type=get&basename=&start=2020-12-15&end=2020-12-20 HTTP/1.1" 200 347 "" "PostmanRuntime/7.26.8"
[2020-12-15T16:56:09.700] [INFO] access - ::1 - - "GET /api/permission/list?type=get&page=1&size=10&search=%E5%93%88%E5%93%88%E5%93%88%E5%93%88&order=asc&sort=name&basename=%E6%9D%83%E9%99%90%E7%AE%A1%E7%90%86&start=2020-12-15&end=2020-12-20 HTTP/1.1" 200 347 "" "PostmanRuntime/7.26.8"
[2020-12-15T16:56:19.800] [INFO] access - ::1 - - "GET /api/permission/list?type=get&page=1&size=10&search=%E5%93%88%E5%93%88%E5%93%88%E5%93%88&order=asc&sort=name&basename=%E6%9D%83%E9%99%90%E7%AE%A1%E7%90%86&start=2020-12-15&end=2020-12-20 HTTP/1.1" 200 347 "" "PostmanRuntime/7.26.8"
[2020-12-15T17:00:51.110] [INFO] access - ::1 - - "GET /api/permission/list?type=get&page=1&size=10&search=%E5%93%88%E5%93%88%E5%93%88%E5%93%88&order=asc&sort=name&basename=%E6%9D%83%E9%99%90%E7%AE%A1%E7%90%86&start=2020-12-15&end=2020-12-20 HTTP/1.1" 200 101 "" "PostmanRuntime/7.26.8"
[2020-12-15T17:01:02.112] [INFO] access - ::1 - - "GET /api/permission/list?type=get&page=1&size=10&search=%E5%93%88%E5%93%88%E5%93%88%E5%93%88&order=asc&sort=name&basename=%E6%9D%83%E9%99%90%E7%AE%A1%E7%90%86&start=2020-12-15&end=2020-12-20 HTTP/1.1" 200 347 "" "PostmanRuntime/7.26.8"
[2020-12-15T17:01:16.742] [INFO] access - ::1 - - "GET /api/permission/list?type=get&page=1&size=10&search=%E5%93%88%E5%93%88%E5%93%88%E5%93%88&order=asc&basename=%E6%9D%83%E9%99%90%E7%AE%A1%E7%90%86&start=2020-12-15&end=2020-12-20 HTTP/1.1" 200 347 "" "PostmanRuntime/7.26.8"
[2020-12-15T17:01:26.410] [INFO] access - ::1 - - "GET /api/permission/list?type=get&page=1&size=10&search=%E5%93%88%E5%93%88%E5%93%88%E5%93%88&sort=name&basename=%E6%9D%83%E9%99%90%E7%AE%A1%E7%90%86&start=2020-12-15&end=2020-12-20 HTTP/1.1" 200 347 "" "PostmanRuntime/7.26.8"
[2020-12-15T17:02:31.197] [INFO] access - ::1 - - "GET /api/permission/list?type=get&page=1&size=10&search=%E5%93%88%E5%93%88%E5%93%88%E5%93%88&order=asc&sort=name&basename=%E6%9D%83%E9%99%90%E7%AE%A1%E7%90%86&start=2020-12-15&end=2020-12-20 HTTP/1.1" 200 347 "" "PostmanRuntime/7.26.8"
[2020-12-15T17:04:16.954] [INFO] access - ::1 - - "GET /api/permission/list?type=get&page=1&size=10&search=%E5%93%88%E5%93%88%E5%93%88%E5%93%88&order=asc&sort=name&basename=%E6%9D%83%E9%99%90%E7%AE%A1%E7%90%86&start=2020-12-15&end=2020-12-20 HTTP/1.1" 200 347 "" "PostmanRuntime/7.26.8"
[2020-12-15T17:05:14.340] [INFO] access - ::1 - - "GET /api/permission/list?type=get&page=1&size=10&search=%E5%93%88%E5%93%88%E5%93%88%E5%93%88&order=asc&sort=name&basename=%E6%9D%83%E9%99%90%E7%AE%A1%E7%90%86&start=2020-12-15&end=2020-12-20 HTTP/1.1" 200 347 "" "PostmanRuntime/7.26.8"
[2020-12-15T17:05:48.762] [INFO] access - ::1 - - "GET /api/permission/list?type=get&page=1&size=10&search=%E5%93%88%E5%93%88%E5%93%88%E5%93%88&order=asc&sort=name&basename=%E6%9D%83%E9%99%90%E7%AE%A1%E7%90%86&start=2020-12-15&end=2020-12-20 HTTP/1.1" 200 347 "" "PostmanRuntime/7.26.8"
[2020-12-15T17:06:27.432] [INFO] access - ::1 - - "GET /api/permission/list?type=get&page=1&size=10&search=%E5%93%88%E5%93%88%E5%93%88%E5%93%88&order=asc&sort=name&basename=%E6%9D%83%E9%99%90%E7%AE%A1%E7%90%86&start=2020-12-15&end=2020-12-20 HTTP/1.1" 200 347 "" "PostmanRuntime/7.26.8"
[2020-12-15T17:06:59.490] [INFO] access - ::1 - - "GET /api/permission/list HTTP/1.1" 200 870 "" "PostmanRuntime/7.26.8"
[2020-12-15T17:11:18.375] [INFO] access - ::1 - - "GET /api/permission/list?type=get&page=1&size=10&search=%E5%93%88%E5%93%88%E5%93%88%E5%93%88&order=asc&sort=name&basename=%E6%9D%83%E9%99%90%E7%AE%A1%E7%90%86&start=2020-12-15&end=2020-12-20 HTTP/1.1" 200 2 "" "PostmanRuntime/7.26.8"
[2020-12-15T17:11:36.825] [INFO] access - ::1 - - "GET /api/permission/list?type=get&page=1&size=10&search=%E5%88%97%E8%A1%A8&order=asc&sort=name&basename=%E6%9D%83%E9%99%90%E7%AE%A1%E7%90%86&start=2020-12-15&end=2020-12-20 HTTP/1.1" 200 173 "" "PostmanRuntime/7.26.8"
[2020-12-15T17:14:41.189] [INFO] access - ::1 - - "GET /api/permission/list?type=get&page=1&size=10&search=%E5%88%97%E8%A1%A8&order=asc&sort=name&basename=%E6%9D%83%E9%99%90%E7%AE%A1%E7%90%86&start=2020-12-15&end=2020-12-20 HTTP/1.1" 200 2 "" "PostmanRuntime/7.26.8"
[2020-12-15T17:15:03.451] [INFO] access - ::1 - - "GET /api/permission/list?type=get&page=1&size=10&search=%E5%88%97%E8%A1%A8&order=asc&sort=name&basename=%E6%9D%83%E9%99%90%E7%AE%A1%E7%90%86&start=2020-12-15%2016:13:05 HTTP/1.1" 200 347 "" "PostmanRuntime/7.26.8"
[2020-12-15T17:16:05.112] [INFO] access - ::1 - - "GET /api/permission/list?type=get&page=1&size=10&search=%E5%88%97%E8%A1%A8&order=asc&sort=name&basename=%E6%9D%83%E9%99%90%E7%AE%A1%E7%90%86&start=2020-12-15%2016:13:05 HTTP/1.1" 200 173 "" "PostmanRuntime/7.26.8"
[2020-12-15T17:16:53.775] [INFO] access - ::1 - - "GET /api/permission/list?type=get&page=1&size=10&search=%E5%88%97%E8%A1%A8&order=asc&sort=name&basename=%E6%9D%83%E9%99%90%E7%AE%A1%E7%90%86&start=2020-12-15%2016:13:05 HTTP/1.1" 200 193 "" "PostmanRuntime/7.26.8"
[2020-12-15T17:17:20.836] [INFO] access - ::1 - - "GET /api/permission/list?type=get&page=1&size=10&search=%E5%88%97%E8%A1%A8&order=asc&sort=name&basename=%E6%9D%83%E9%99%90%E7%AE%A1%E7%90%86&start=2020-12-15%2016:13:05 HTTP/1.1" 200 364 "" "PostmanRuntime/7.26.8"
[2020-12-15T17:17:27.962] [INFO] access - ::1 - - "GET /api/permission/list?type=get&page=1&size=10&order=asc&sort=name&basename=%E6%9D%83%E9%99%90%E7%AE%A1%E7%90%86&start=2020-12-15%2016:13:05 HTTP/1.1" 200 712 "" "PostmanRuntime/7.26.8"
[2020-12-15T17:17:45.725] [INFO] access - ::1 - - "GET /api/permission/list?type=get&page=1&size=10&order=asc&sort=name&basename=%E6%9D%83%E9%99%90%E7%AE%A1%E7%90%86&start=2020-12-15%2016:13:05 HTTP/1.1" 200 366 "" "PostmanRuntime/7.26.8"
[2020-12-15T17:18:08.130] [INFO] access - ::1 - - "GET /api/permission/list?type=get&page=1&size=10&order=asc&sort=name&basename=%E6%9D%83%E9%99%90%E7%AE%A1%E7%90%86&start=2020-12-15%2016:13:40 HTTP/1.1" 200 194 "" "PostmanRuntime/7.26.8"
[2020-12-15T17:20:11.947] [INFO] access - ::1 - - "GET /api/permission/list?type=get&page=1&size=10&order=asc&sort=name&start=2020-12-15%2016:13:40 HTTP/1.1" 200 194 "" "PostmanRuntime/7.26.8"
[2020-12-15T17:20:16.426] [INFO] access - ::1 - - "GET /api/permission/list?type=get&page=1&size=10&order=asc&sort=name HTTP/1.1" 200 366 "" "PostmanRuntime/7.26.8"
[2020-12-15T17:20:24.266] [INFO] access - ::1 - - "GET /api/permission/list?type=get&page=1&size=1&order=asc&sort=name HTTP/1.1" 200 192 "" "PostmanRuntime/7.26.8"
[2020-12-15T17:20:28.879] [INFO] access - ::1 - - "GET /api/permission/list?type=get&page=1&size=10&order=asc&sort=name HTTP/1.1" 200 366 "" "PostmanRuntime/7.26.8"
[2020-12-15T17:23:00.368] [INFO] access - ::1 - - "GET /api/permission/list?type=get&page=1&size=10&order=asc&sort=name HTTP/1.1" 200 366 "" "PostmanRuntime/7.26.8"
[2020-12-15T17:23:12.480] [INFO] access - ::1 - - "GET /api/permission/list?type=get&page=1&size=10&order=asc&sort=name&search=%E5%88%97%E8%A1%A8 HTTP/1.1" 200 74 "" "PostmanRuntime/7.26.8"
[2020-12-15T17:23:44.306] [INFO] access - ::1 - - "GET /api/permission/list?type=get&page=1&size=10&order=asc&sort=name&search=%E5%88%97%E8%A1%A8 HTTP/1.1" 200 74 "" "PostmanRuntime/7.26.8"
[2020-12-15T17:24:56.218] [INFO] access - ::1 - - "GET /api/permission/list?type=get&page=1&size=10&order=asc&sort=name&search=%E5%88%97%E8%A1%A8 HTTP/1.1" 200 192 "" "PostmanRuntime/7.26.8"
[2020-12-15T17:25:55.411] [INFO] access - ::1 - - "GET /api/permission/list?type=get&page=1&size=10&order=asc&sort=name&search=%E5%88%97%E8%A1%A8 HTTP/1.1" 200 192 "" "PostmanRuntime/7.26.8"
[2020-12-15T17:26:00.172] [INFO] access - ::1 - - "GET /api/permission/list?type=get&page=1&size=10&order=asc&sort=name HTTP/1.1" 200 366 "" "PostmanRuntime/7.26.8"
[2020-12-16T09:55:10.870] [INFO] access - ::1 - - "GET /api/permission/list?type=get&page=1&size=10&order=asc&sort=name HTTP/1.1" 200 366 "" "PostmanRuntime/7.26.8"
[2020-12-16T16:11:29.102] [INFO] access - ::1 - - "GET /api/role/add HTTP/1.1" 200 44 "" "PostmanRuntime/7.26.8"
[2020-12-16T16:11:36.165] [INFO] access - ::1 - - "POST /api/login HTTP/1.1" 200 238 "" "PostmanRuntime/7.26.8"
[2020-12-16T16:11:44.549] [INFO] access - ::1 - - "GET /api/role/add HTTP/1.1" 404 - "" "PostmanRuntime/7.26.8"
[2020-12-16T16:11:49.626] [INFO] access - ::1 - - "POST /api/role/add HTTP/1.1" 200 12 "" "PostmanRuntime/7.26.8"
[2020-12-16T16:12:08.739] [INFO] access - ::1 - - "GET /api/role/add HTTP/1.1" 404 - "" "PostmanRuntime/7.26.8"
[2020-12-16T16:13:06.603] [INFO] access - ::1 - - "GET /api/role/add HTTP/1.1" 404 - "" "PostmanRuntime/7.26.8"
[2020-12-16T16:13:21.279] [INFO] access - ::1 - - "GET /api/role/add HTTP/1.1" 404 - "" "PostmanRuntime/7.26.8"
[2020-12-16T16:13:43.329] [INFO] access - ::1 - - "GET /api/role/add HTTP/1.1" 404 - "" "PostmanRuntime/7.26.8"
[2020-12-16T16:14:15.023] [INFO] access - ::1 - - "GET /api/role/add HTTP/1.1" 404 - "" "PostmanRuntime/7.26.8"
[2020-12-16T16:14:58.173] [INFO] access - ::1 - - "GET /api/role/add HTTP/1.1" 404 - "" "PostmanRuntime/7.26.8"
[2020-12-16T16:15:25.143] [INFO] access - ::1 - - "GET /api/role/add HTTP/1.1" 401 53 "" "PostmanRuntime/7.26.8"
[2020-12-16T16:15:53.374] [INFO] access - ::1 - - "GET /api/role/add HTTP/1.1" 200 50 "" "PostmanRuntime/7.26.8"
[2020-12-16T16:17:25.584] [INFO] access - ::1 - - "GET /api/role/add HTTP/1.1" 404 42 "" "PostmanRuntime/7.26.8"
[2020-12-16T16:17:33.857] [INFO] access - ::1 - - "POST /api/role/add HTTP/1.1" 404 42 "" "PostmanRuntime/7.26.8"
[2020-12-16T16:17:38.467] [INFO] access - ::1 - - "POST /api/role/add HTTP/1.1" 404 42 "" "PostmanRuntime/7.26.8"
[2020-12-16T16:18:00.440] [INFO] access - ::1 - - "POST /api/permission/add HTTP/1.1" 200 44 "" "PostmanRuntime/7.26.8"
[2020-12-16T16:18:12.482] [INFO] access - ::1 - - "GET /api/permission/list?type=get&page=1&size=10&order=asc&sort=name HTTP/1.1" 404 42 "" "PostmanRuntime/7.26.8"
[2020-12-16T16:18:34.165] [INFO] access - ::1 - - "GET /api/permission/list?type=get&page=1&size=10&order=asc&sort=name HTTP/1.1" 200 366 "" "PostmanRuntime/7.26.8"
[2020-12-16T16:18:36.844] [INFO] access - ::1 - - "POST /api/role/add HTTP/1.1" 200 12 "" "PostmanRuntime/7.26.8"
[2020-12-16T16:18:50.541] [INFO] access - ::1 - - "POST /api/role/add HTTP/1.1" 404 42 "" "PostmanRuntime/7.26.8"
[2020-12-16T16:19:21.816] [INFO] access - ::1 - - "POST /api/role/add HTTP/1.1" 200 12 "" "PostmanRuntime/7.26.8"
[2020-12-16T16:19:27.937] [INFO] access - ::1 - - "GET /api/role/add HTTP/1.1" 404 - "" "PostmanRuntime/7.26.8"
[2020-12-16T16:19:32.446] [INFO] access - ::1 - - "POST /api/role/add HTTP/1.1" 200 12 "" "PostmanRuntime/7.26.8"
[2020-12-16T16:19:50.644] [INFO] access - ::1 - - "POST /api/role/add HTTP/1.1" 200 12 "" "PostmanRuntime/7.26.8"
[2020-12-16T16:21:37.000] [INFO] access - ::1 - - "POST /api/role/add HTTP/1.1" 200 12 "" "PostmanRuntime/7.26.8"
[2020-12-16T16:22:33.077] [INFO] access - ::1 - - "POST /api/role/add HTTP/1.1" 200 135 "" "PostmanRuntime/7.26.8"
[2020-12-16T16:25:02.591] [INFO] access - ::1 - - "POST /api/role/add HTTP/1.1" 200 176 "" "PostmanRuntime/7.26.8"
[2020-12-16T16:25:20.608] [INFO] access - ::1 - - "POST /api/role/add HTTP/1.1" 200 176 "" "PostmanRuntime/7.26.8"
[2020-12-16T16:25:42.823] [INFO] access - ::1 - - "GET /api/permission/list?type=get&page=1&size=10&order=asc&sort=name HTTP/1.1" 200 407 "" "PostmanRuntime/7.26.8"
[2020-12-16T16:25:50.715] [INFO] access - ::1 - - "GET /api/permission/detail/e67fd388-3e94-4fc8-9573-a27efebe1d6e HTTP/1.1" 200 212 "" "PostmanRuntime/7.26.8"
[2020-12-16T16:28:36.814] [INFO] access - ::1 - - "DELETE /api/role/delete/fbbeeaa5-5252-43a1-868b-01327bbb24ae HTTP/1.1" 200 42 "" "PostmanRuntime/7.26.8"
[2020-12-16T16:29:11.925] [INFO] access - ::1 - - "DELETE /api/role/delete/f8a1e00b-ebfe-4d21-a661-e85789664607 HTTP/1.1" 200 198 "" "PostmanRuntime/7.26.8"
[2020-12-16T16:35:30.232] [INFO] access - ::1 - - "POST /api/role/add HTTP/1.1" 200 176 "" "PostmanRuntime/7.26.8"
[2020-12-16T16:36:40.238] [INFO] access - ::1 - - "DELETE /api/role/delete/01508269-6b98-4504-a6dd-b50cfdef9929 HTTP/1.1" 200 178 "" "PostmanRuntime/7.26.8"
[2020-12-16T16:37:26.720] [INFO] access - ::1 - - "DELETE /api/role/delete/01508269-6b98-4504-a6dd-b50cfdef9929 HTTP/1.1" 200 314 "" "PostmanRuntime/7.26.8"
[2020-12-16T16:38:11.628] [INFO] access - ::1 - - "DELETE /api/role/delete/01508269-6b98-4504-a6dd-b50cfdef9929 HTTP/1.1" 200 314 "" "PostmanRuntime/7.26.8"
[2020-12-16T16:43:09.700] [INFO] access - ::1 - - "DELETE /api/role/delete/01508269-6b98-4504-a6dd-b50cfdef9929 HTTP/1.1" 200 210 "" "PostmanRuntime/7.26.8"
[2020-12-16T16:46:33.769] [INFO] access - ::1 - - "DELETE /api/permission/delete/916a3c24-93e3-410a-aa11-16c2a9518cc6 HTTP/1.1" 200 44 "" "PostmanRuntime/7.26.8"
[2020-12-16T16:46:43.686] [INFO] access - ::1 - - "DELETE /api/permission/delete/916a3c24-93e3-410a-aa11-16c2a9518cc6 HTTP/1.1" 200 314 "" "PostmanRuntime/7.26.8"
[2020-12-16T16:48:44.421] [INFO] access - ::1 - - "DELETE /api/permission/delete/916a3c24-93e3-410a-aa11-16c2a9518cc6 HTTP/1.1" 200 42 "" "PostmanRuntime/7.26.8"
[2020-12-16T16:49:25.802] [INFO] access - ::1 - - "POST /api/permission/add HTTP/1.1" 200 44 "" "PostmanRuntime/7.26.8"
[2020-12-16T16:49:35.443] [INFO] access - ::1 - - "POST /api/permission/add HTTP/1.1" 200 217 "" "PostmanRuntime/7.26.8"
[2020-12-16T17:02:26.904] [INFO] access - ::1 - - "GET /api/role/detail/f8a1e00b-ebfe-4d21-a661-e85789664607 HTTP/1.1" 401 53 "" "PostmanRuntime/7.26.8"
[2020-12-16T17:02:41.744] [INFO] access - ::1 - - "GET /api/role/detail/f8a1e00b-ebfe-4d21-a661-e85789664607 HTTP/1.1" 200 71 "" "PostmanRuntime/7.26.8"
[2020-12-16T17:02:57.347] [INFO] access - ::1 - - "GET /api/role/detail/f8a1e00b-ebfe-4d21-a661-e85789664607 HTTP/1.1" 200 187 "" "PostmanRuntime/7.26.8"
[2020-12-16T17:03:55.428] [INFO] access - ::1 - - "GET /api/role/detail/f8a1e00b-ebfe-4d21-a661-e85789664607 HTTP/1.1" 200 187 "" "PostmanRuntime/7.26.8"
[2020-12-16T17:04:35.311] [INFO] access - ::1 - - "DELETE /api/role/delete/01508269-6b98-4504-a6dd-b50cfdef9929 HTTP/1.1" 200 210 "" "PostmanRuntime/7.26.8"
[2020-12-16T17:05:29.611] [INFO] access - ::1 - - "DELETE /api/role/delete/01508269-6b98-4504-a6dd-b50cfdef9929 HTTP/1.1" 200 210 "" "PostmanRuntime/7.26.8"
[2020-12-16T17:05:52.966] [INFO] access - ::1 - - "DELETE /api/role/delete/01508269-6b98-4504-a6dd-b50cfdef9929 HTTP/1.1" 200 210 "" "PostmanRuntime/7.26.8"
[2020-12-16T17:06:18.686] [INFO] access - ::1 - - "GET /api/role/detail/f8a1e00b-ebfe-4d21-a661-e85789664607 HTTP/1.1" 200 187 "" "PostmanRuntime/7.26.8"
[2020-12-16T17:07:36.541] [INFO] access - ::1 - - "PUT /api/role/update HTTP/1.1" 401 53 "" "PostmanRuntime/7.26.8"
[2020-12-16T17:07:48.907] [INFO] access - ::1 - - "PUT /api/role/update HTTP/1.1" 200 44 "" "PostmanRuntime/7.26.8"
[2020-12-16T17:08:13.384] [INFO] access - ::1 - - "PUT /api/role/update HTTP/1.1" 200 44 "" "PostmanRuntime/7.26.8"
[2020-12-16T17:08:26.392] [INFO] access - ::1 - - "PUT /api/role/update HTTP/1.1" 200 44 "" "PostmanRuntime/7.26.8"
[2020-12-16T17:15:44.026] [INFO] access - ::1 - - "GET /api/role/detail/f8a1e00b-ebfe-4d21-a661-e85789664607 HTTP/1.1" 200 75 "" "PostmanRuntime/7.26.8"
[2020-12-16T17:18:19.785] [INFO] access - ::1 - - "GET /api/role/detail/f8a1e00b-ebfe-4d21-a661-e85789664607 HTTP/1.1" 200 74 "" "PostmanRuntime/7.26.8"
[2020-12-16T17:18:37.244] [INFO] access - ::1 - - "GET /api/role/detail/f8a1e00b-ebfe-4d21-a661-e85789664607 HTTP/1.1" 200 75 "" "PostmanRuntime/7.26.8"
[2020-12-16T17:20:31.935] [INFO] access - ::1 - - "GET /api/role/detail/f8a1e00b-ebfe-4d21-a661-e85789664607 HTTP/1.1" 200 75 "" "PostmanRuntime/7.26.8"
[2020-12-16T17:20:59.914] [INFO] access - ::1 - - "GET /api/role/detail/f8a1e00b-ebfe-4d21-a661-e85789664607 HTTP/1.1" 200 187 "" "PostmanRuntime/7.26.8"
[2020-12-16T17:26:04.423] [INFO] access - ::1 - - "GET /api/role/detail/f8a1e00b-ebfe-4d21-a661-e85789664607 HTTP/1.1" 200 187 "" "PostmanRuntime/7.26.8"
[2020-12-16T17:26:15.499] [INFO] access - ::1 - - "GET /api/role/detail/f8a1e00b-ebfe-4d21-a661-e85789664607 HTTP/1.1" 200 187 "" "PostmanRuntime/7.26.8"
[2020-12-16T17:26:51.831] [INFO] access - ::1 - - "GET /api/role/detail/f8a1e00b-ebfe-4d21-a661-e85789664607 HTTP/1.1" 200 187 "" "PostmanRuntime/7.26.8"
[2020-12-16T17:27:13.425] [INFO] access - ::1 - - "GET /api/role/detail/f8a1e00b-ebfe-4d21-a661-e85789664607 HTTP/1.1" 200 187 "" "PostmanRuntime/7.26.8"
[2020-12-16T17:29:48.235] [INFO] access - ::1 - - "GET /api/role/detail/f8a1e00b-ebfe-4d21-a661-e85789664607 HTTP/1.1" 200 187 "" "PostmanRuntime/7.26.8"
[2020-12-16T17:29:59.319] [INFO] access - ::1 - - "GET /api/role/detail/f8a1e00b-ebfe-4d21-a661-e85789664607 HTTP/1.1" 200 187 "" "PostmanRuntime/7.26.8"
[2020-12-19T09:56:50.678] [INFO] access - ::1 - - "GET /api/role/list HTTP/1.1" 200 44 "" "PostmanRuntime/7.26.8"
[2020-12-19T09:56:58.798] [INFO] access - ::1 - - "POST /api/login HTTP/1.1" 200 238 "" "PostmanRuntime/7.26.8"
[2020-12-19T09:57:04.949] [INFO] access - ::1 - - "GET /api/role/list HTTP/1.1" 200 292 "" "PostmanRuntime/7.26.8"
[2020-12-19T09:58:31.170] [INFO] access - ::1 - - "GET /api/role/list HTTP/1.1" 200 467 "" "PostmanRuntime/7.26.8"
[2020-12-19T09:59:03.318] [INFO] access - ::1 - - "GET /api/role/list HTTP/1.1" 200 467 "" "PostmanRuntime/7.26.8"
[2020-12-19T09:59:06.672] [INFO] access - ::1 - - "GET /api/role/list HTTP/1.1" 200 467 "" "PostmanRuntime/7.26.8"
[2020-12-19T09:59:12.970] [INFO] access - ::1 - - "GET /api/role/list HTTP/1.1" 200 436 "" "PostmanRuntime/7.26.8"
[2020-12-19T10:02:33.222] [INFO] access - ::1 - - "GET /api/role/list HTTP/1.1" 200 73 "" "PostmanRuntime/7.26.8"
[2020-12-19T10:02:40.988] [INFO] access - ::1 - - "GET /api/role/list HTTP/1.1" 200 73 "" "PostmanRuntime/7.26.8"
[2020-12-19T10:02:47.733] [INFO] access - ::1 - - "GET /api/role/list HTTP/1.1" 200 73 "" "PostmanRuntime/7.26.8"
[2020-12-19T10:03:02.625] [INFO] access - ::1 - - "GET /api/role/list HTTP/1.1" 200 241 "" "PostmanRuntime/7.26.8"
[2020-12-19T10:03:12.088] [INFO] access - ::1 - - "GET /api/role/list HTTP/1.1" 200 241 "" "PostmanRuntime/7.26.8"
[2020-12-19T11:28:55.183] [INFO] access - ::1 - - "GET /api/role/list HTTP/1.1" 200 467 "" "PostmanRuntime/7.26.8"
[2020-12-19T11:29:57.707] [INFO] access - ::1 - - "GET /api/role/list HTTP/1.1" 200 241 "" "PostmanRuntime/7.26.8"
